This file contains any messages produced by compilers while
running configure, to aid debugging if configure makes a mistake.

It was created by corsika configure 74005, which was
generated by GNU Autoconf 2.69.  Invocation command line was

  $ ./configure --with-pythia=/misc/home/lulu/Work/Lollipop/Parameterisation/corsika-in-ice/corsika-74005-IC/pythia CORDETECTOR=HORIZONTAL --enable-EHISTORY CORLEMODEL=GHEISHA --enable-CHARM --enable-KEEPSOURCE CORHEMODEL=QGSJET01 --enable-STACKIN CORTIMELIB=TIMEAUTO --prefix=/misc/home/lulu/Work/Lollipop/Parameterisation/corsika-in-ice/corsika-74005-IC --bindir=/misc/home/lulu/Work/Lollipop/Parameterisation/corsika-in-ice/corsika-74005-IC/run --libdir=/misc/home/lulu/Work/Lollipop/Parameterisation/corsika-in-ice/corsika-74005-IC/lib/unknown

## --------- ##
## Platform. ##
## --------- ##

hostname = grappa
uname -m = x86_64
uname -r = 3.10.0-327.4.5.el7.x86_64
uname -s = Linux
uname -v = #1 SMP Mon Jan 25 22:07:14 UTC 2016

/usr/bin/uname -p = x86_64
/bin/uname -X     = unknown

/bin/arch              = x86_64
/usr/bin/arch -k       = unknown
/usr/convex/getsysinfo = unknown
/usr/bin/hostinfo      = unknown
/bin/machine           = unknown
/usr/bin/oslevel       = unknown
/bin/universe          = unknown

PATH: /cvmfs/icecube.opensciencegrid.org/py2-v3/RHEL_7_x86_64/bin
PATH: /usr/local/cuda-9.1/bin
PATH: /opt/intel/compilers_and_libraries_2017.2.174/linux/mpi/intel64/bin
PATH: /opt/intel/compilers_and_libraries_2017.2.174/linux/bin/intel64
PATH: /opt/intel/compilers_and_libraries_2017.2.174/linux/mpi/intel64/bin
PATH: /opt/intel/debugger_2017/gdb/intel64_mic/bin
PATH: /home/lulu/Software/combo/build_stable_use/bin
PATH: /cvmfs/icecube.opensciencegrid.org/py2-v3/RHEL_7_x86_64/bin
PATH: /proj/soft/I3/i3_ports_v5//bin
PATH: /cvmfs/icecube.opensciencegrid.org/py2-v3/RHEL_7_x86_64/bin
PATH: /cvmfs/icecube.opensciencegrid.org/py2-v3/RHEL_7_x86_64/bin
PATH: /usr/local/cuda-9.1/bin
PATH: /opt/intel/compilers_and_libraries_2017.2.174/linux/mpi/intel64/bin
PATH: /opt/intel/compilers_and_libraries_2017.2.174/linux/bin/intel64
PATH: /opt/intel/compilers_and_libraries_2017.2.174/linux/mpi/intel64/bin
PATH: /opt/intel/debugger_2017/gdb/intel64_mic/bin
PATH: /usr/lib64/qt-3.3/bin
PATH: /usr/local/bin
PATH: /usr/bin
PATH: /usr/local/sbin
PATH: /usr/sbin
PATH: /opt/ibutils/bin


## ----------- ##
## Core tests. ##
## ----------- ##

configure:2881: checking whether to enable maintainer-specific portions of Makefiles
configure:2890: result: no
configure:2907: checking build system type
configure:2921: result: x86_64-unknown-linux-gnu
configure:2941: checking host system type
configure:2954: result: x86_64-unknown-linux-gnu
configure:2991: checking for a BSD-compatible install
configure:3059: result: /usr/bin/install -c
configure:3070: checking whether build environment is sane
configure:3125: result: yes
configure:3163: WARNING: 'missing' script is too old or missing
configure:3276: checking for a thread-safe mkdir -p
configure:3315: result: /usr/bin/mkdir -p
configure:3322: checking for gawk
configure:3338: found /usr/bin/gawk
configure:3349: result: gawk
configure:3360: checking whether make sets $(MAKE)
configure:3382: result: yes
configure:3411: checking whether make supports nested variables
configure:3428: result: yes
configure:3618: checking for pgf77
configure:3648: result: no
configure:3618: checking for ifc
configure:3648: result: no
configure:3618: checking for ifort
configure:3634: found /opt/intel/compilers_and_libraries_2017.2.174/linux/bin/intel64/ifort
configure:3645: result: ifort
configure:3671: checking for Fortran 77 compiler version
configure:3680: ifort --version >&5
ifort (IFORT) 17.0.2 20170213
Copyright (C) 1985-2017 Intel Corporation.  All rights reserved.

configure:3691: $? = 0
configure:3680: ifort -v >&5
ifort version 17.0.2
configure:3691: $? = 0
configure:3680: ifort -V >&5
Intel(R) Fortran Intel(R) 64 Compiler for applications running on Intel(R) 64, Version 17.0.2.174 Build 20170213
Copyright (C) 1985-2017 Intel Corporation.  All rights reserved.

configure:3691: $? = 0
configure:3680: ifort -qversion >&5
ifort: command line warning #10006: ignoring unknown option '-qversion'
ifort: command line error: no files specified; for help type "ifort -help"
configure:3691: $? = 1
configure:3706: checking whether the Fortran 77 compiler works
configure:3728: ifort -g  conftest.f  >&5
configure:3732: $? = 0
configure:3780: result: yes
configure:3783: checking for Fortran 77 compiler default output file name
configure:3785: result: a.out
configure:3791: checking for suffix of executables
configure:3798: ifort -o conftest -g  conftest.f  >&5
configure:3802: $? = 0
configure:3824: result: 
configure:3840: checking whether we are cross compiling
configure:3848: ifort -o conftest -g  conftest.f  >&5
configure:3852: $? = 0
configure:3859: ./conftest
configure:3863: $? = 0
configure:3878: result: no
configure:3883: checking for suffix of object files
configure:3899: ifort -c -g conftest.f >&5
configure:3903: $? = 0
configure:3924: result: o
configure:3932: checking whether we are using the GNU Fortran 77 compiler
configure:3945: ifort -c -g conftest.F >&5
conftest.F(3): error #5082: Syntax error, found END-OF-STATEMENT when expecting one of: => = . [ % ( :
       choke me
---------------^
compilation aborted for conftest.F (code 1)
configure:3945: $? = 1
configure: failed program was:
|       program main
| #ifndef __GNUC__
|        choke me
| #endif
| 
|       end
configure:3954: result: no
configure:3960: checking whether ifort accepts -g
configure:3971: ifort -c -g conftest.f >&5
configure:3971: $? = 0
configure:3979: result: yes
configure:4062: checking for cc
configure:4078: found /usr/bin/cc
configure:4089: result: cc
configure:4120: checking for C compiler version
configure:4129: cc --version >&5
cc (GCC) 4.8.5 20150623 (Red Hat 4.8.5-4)
Copyright (C) 2015 Free Software Foundation, Inc.
This is free software; see the source for copying conditions.  There is NO
warranty; not even for MERCHANTABILITY or FITNESS FOR A PARTICULAR PURPOSE.

configure:4140: $? = 0
configure:4129: cc -v >&5
Using built-in specs.
COLLECT_GCC=cc
COLLECT_LTO_WRAPPER=/usr/libexec/gcc/x86_64-redhat-linux/4.8.5/lto-wrapper
Target: x86_64-redhat-linux
Configured with: ../configure --prefix=/usr --mandir=/usr/share/man --infodir=/usr/share/info --with-bugurl=http://bugzilla.redhat.com/bugzilla --enable-bootstrap --enable-shared --enable-threads=posix --enable-checking=release --with-system-zlib --enable-__cxa_atexit --disable-libunwind-exceptions --enable-gnu-unique-object --enable-linker-build-id --with-linker-hash-style=gnu --enable-languages=c,c++,objc,obj-c++,java,fortran,ada,go,lto --enable-plugin --enable-initfini-array --disable-libgcj --with-isl=/builddir/build/BUILD/gcc-4.8.5-20150702/obj-x86_64-redhat-linux/isl-install --with-cloog=/builddir/build/BUILD/gcc-4.8.5-20150702/obj-x86_64-redhat-linux/cloog-install --enable-gnu-indirect-function --with-tune=generic --with-arch_32=x86-64 --build=x86_64-redhat-linux
Thread model: posix
gcc version 4.8.5 20150623 (Red Hat 4.8.5-4) (GCC) 
configure:4140: $? = 0
configure:4129: cc -V >&5
cc: error: unrecognized command line option '-V'
cc: fatal error: no input files
compilation terminated.
configure:4140: $? = 4
configure:4129: cc -qversion >&5
cc: error: unrecognized command line option '-qversion'
cc: fatal error: no input files
compilation terminated.
configure:4140: $? = 4
configure:4144: checking whether we are using the GNU C compiler
configure:4163: cc -c -g  conftest.c >&5
configure:4163: $? = 0
configure:4172: result: yes
configure:4181: checking whether cc accepts -g
configure:4201: cc -c -g  conftest.c >&5
configure:4201: $? = 0
configure:4242: result: yes
configure:4259: checking for cc option to accept ISO C89
configure:4322: cc  -c -g  conftest.c >&5
configure:4322: $? = 0
configure:4335: result: none needed
configure:4360: checking whether cc understands -c and -o together
configure:4382: cc -c conftest.c -o conftest2.o
configure:4385: $? = 0
configure:4382: cc -c conftest.c -o conftest2.o
configure:4385: $? = 0
configure:4397: result: yes
configure:4425: checking for style of include used by make
configure:4453: result: GNU
configure:4479: checking dependency style of cc
configure:4590: result: gcc3
configure:4663: checking for g++
configure:4679: found /usr/bin/g++
configure:4690: result: g++
configure:4717: checking for C++ compiler version
configure:4726: g++ --version >&5
g++ (GCC) 4.8.5 20150623 (Red Hat 4.8.5-4)
Copyright (C) 2015 Free Software Foundation, Inc.
This is free software; see the source for copying conditions.  There is NO
warranty; not even for MERCHANTABILITY or FITNESS FOR A PARTICULAR PURPOSE.

configure:4737: $? = 0
configure:4726: g++ -v >&5
Using built-in specs.
COLLECT_GCC=g++
COLLECT_LTO_WRAPPER=/usr/libexec/gcc/x86_64-redhat-linux/4.8.5/lto-wrapper
Target: x86_64-redhat-linux
Configured with: ../configure --prefix=/usr --mandir=/usr/share/man --infodir=/usr/share/info --with-bugurl=http://bugzilla.redhat.com/bugzilla --enable-bootstrap --enable-shared --enable-threads=posix --enable-checking=release --with-system-zlib --enable-__cxa_atexit --disable-libunwind-exceptions --enable-gnu-unique-object --enable-linker-build-id --with-linker-hash-style=gnu --enable-languages=c,c++,objc,obj-c++,java,fortran,ada,go,lto --enable-plugin --enable-initfini-array --disable-libgcj --with-isl=/builddir/build/BUILD/gcc-4.8.5-20150702/obj-x86_64-redhat-linux/isl-install --with-cloog=/builddir/build/BUILD/gcc-4.8.5-20150702/obj-x86_64-redhat-linux/cloog-install --enable-gnu-indirect-function --with-tune=generic --with-arch_32=x86-64 --build=x86_64-redhat-linux
Thread model: posix
gcc version 4.8.5 20150623 (Red Hat 4.8.5-4) (GCC) 
configure:4737: $? = 0
configure:4726: g++ -V >&5
g++: error: unrecognized command line option '-V'
g++: fatal error: no input files
compilation terminated.
configure:4737: $? = 4
configure:4726: g++ -qversion >&5
g++: error: unrecognized command line option '-qversion'
g++: fatal error: no input files
compilation terminated.
configure:4737: $? = 4
configure:4741: checking whether we are using the GNU C++ compiler
configure:4760: g++ -c  -Wall  conftest.cpp >&5
configure:4760: $? = 0
configure:4769: result: yes
configure:4778: checking whether g++ accepts -g
configure:4798: g++ -c -g  conftest.cpp >&5
configure:4798: $? = 0
configure:4839: result: yes
configure:4864: checking dependency style of g++
configure:4975: result: gcc3
configure:4992: checking for cpp
configure:5008: found /usr/bin/cpp
configure:5019: result: cpp
configure:5032: checking how to run the C preprocessor
configure:5102: result: cpp
configure:5122: cpp  conftest.c
configure:5122: $? = 0
configure:5136: cpp  conftest.c
conftest.c:11:28: fatal error: ac_nonexistent.h: No such file or directory
 #include <ac_nonexistent.h>
                            ^
compilation terminated.
configure:5136: $? = 1
configure: failed program was:
| /* confdefs.h */
| #define PACKAGE_NAME "corsika"
| #define PACKAGE_TARNAME "corsika"
| #define PACKAGE_VERSION "74005"
| #define PACKAGE_STRING "corsika 74005"
| #define PACKAGE_BUGREPORT ""
| #define PACKAGE_URL ""
| #define PACKAGE "corsika"
| #define VERSION "74005"
| /* end confdefs.h.  */
| #include <ac_nonexistent.h>
configure:5210: checking how to print strings
configure:5237: result: printf
configure:5258: checking for a sed that does not truncate output
configure:5322: result: /usr/bin/sed
configure:5340: checking for grep that handles long lines and -e
configure:5398: result: /usr/bin/grep
configure:5403: checking for egrep
configure:5465: result: /usr/bin/grep -E
configure:5470: checking for fgrep
configure:5532: result: /usr/bin/grep -F
configure:5567: checking for ld used by cc
configure:5634: result: /usr/bin/ld
configure:5641: checking if the linker (/usr/bin/ld) is GNU ld
configure:5656: result: yes
configure:5668: checking for BSD- or MS-compatible name lister (nm)
configure:5717: result: /usr/bin/nm -B
configure:5847: checking the name lister (/usr/bin/nm -B) interface
configure:5854: cc -c -g  conftest.c >&5
configure:5857: /usr/bin/nm -B "conftest.o"
configure:5860: output
0000000000000000 B some_variable
configure:5867: result: BSD nm
configure:5870: checking whether ln -s works
configure:5874: result: yes
configure:5882: checking the maximum length of command line arguments
configure:6007: result: 3458764513820540925
configure:6024: checking whether the shell understands some XSI constructs
configure:6034: result: yes
configure:6038: checking whether the shell understands "+="
configure:6044: result: yes
configure:6079: checking how to convert x86_64-unknown-linux-gnu file names to x86_64-unknown-linux-gnu format
configure:6119: result: func_convert_file_noop
configure:6126: checking how to convert x86_64-unknown-linux-gnu file names to toolchain format
configure:6146: result: func_convert_file_noop
configure:6153: checking for /usr/bin/ld option to reload object files
configure:6160: result: -r
configure:6234: checking for objdump
configure:6250: found /usr/bin/objdump
configure:6261: result: objdump
configure:6293: checking how to recognize dependent libraries
configure:6495: result: pass_all
configure:6580: checking for dlltool
configure:6610: result: no
configure:6640: checking how to associate runtime and link libraries
configure:6667: result: printf %s\n
configure:6728: checking for ar
configure:6744: found /usr/bin/ar
configure:6755: result: ar
configure:6792: checking for archiver @FILE support
configure:6809: cc -c -g  conftest.c >&5
configure:6809: $? = 0
configure:6812: ar cru libconftest.a @conftest.lst >&5
configure:6815: $? = 0
configure:6820: ar cru libconftest.a @conftest.lst >&5
ar: conftest.o: No such file or directory
configure:6823: $? = 1
configure:6835: result: @
configure:6893: checking for strip
configure:6909: found /usr/bin/strip
configure:6920: result: strip
configure:6992: checking for ranlib
configure:7008: found /usr/bin/ranlib
configure:7019: result: ranlib
configure:7121: checking command to parse /usr/bin/nm -B output from cc object
configure:7240: cc -c -g  conftest.c >&5
configure:7243: $? = 0
configure:7247: /usr/bin/nm -B conftest.o \| sed -n -e 's/^.*[ ]\([ABCDGIRSTW][ABCDGIRSTW]*\)[ ][ ]*\([_A-Za-z][_A-Za-z0-9]*\)$/\1 \2 \2/p' | sed '/ __gnu_lto/d' \> conftest.nm
configure:7250: $? = 0
configure:7316: cc -o conftest -g   conftest.c conftstm.o >&5
configure:7319: $? = 0
configure:7357: result: ok
configure:7394: checking for sysroot
configure:7424: result: no
configure:7501: cc -c -g  conftest.c >&5
configure:7504: $? = 0
configure:7667: checking for mt
configure:7683: found /usr/bin/mt
configure:7694: result: mt
configure:7717: checking if mt is a manifest tool
configure:7723: mt '-?'
usage: mt [-v] [--version] [-h] [ -f device ] command [ count ]
configure:7731: result: no
configure:8359: checking for ANSI C header files
configure:8379: cc -c -g  conftest.c >&5
configure:8379: $? = 0
configure:8452: cc -o conftest -g   conftest.c  >&5
configure:8452: $? = 0
configure:8452: ./conftest
configure:8452: $? = 0
configure:8463: result: yes
configure:8476: checking for sys/types.h
configure:8476: cc -c -g  conftest.c >&5
configure:8476: $? = 0
configure:8476: result: yes
configure:8476: checking for sys/stat.h
configure:8476: cc -c -g  conftest.c >&5
configure:8476: $? = 0
configure:8476: result: yes
configure:8476: checking for stdlib.h
configure:8476: cc -c -g  conftest.c >&5
configure:8476: $? = 0
configure:8476: result: yes
configure:8476: checking for string.h
configure:8476: cc -c -g  conftest.c >&5
configure:8476: $? = 0
configure:8476: result: yes
configure:8476: checking for memory.h
configure:8476: cc -c -g  conftest.c >&5
configure:8476: $? = 0
configure:8476: result: yes
configure:8476: checking for strings.h
configure:8476: cc -c -g  conftest.c >&5
configure:8476: $? = 0
configure:8476: result: yes
configure:8476: checking for inttypes.h
configure:8476: cc -c -g  conftest.c >&5
configure:8476: $? = 0
configure:8476: result: yes
configure:8476: checking for stdint.h
configure:8476: cc -c -g  conftest.c >&5
configure:8476: $? = 0
configure:8476: result: yes
configure:8476: checking for unistd.h
configure:8476: cc -c -g  conftest.c >&5
configure:8476: $? = 0
configure:8476: result: yes
configure:8490: checking for dlfcn.h
configure:8490: cc -c -g  conftest.c >&5
configure:8490: $? = 0
configure:8490: result: yes
configure:8689: checking for objdir
configure:8704: result: .libs
configure:8975: checking if cc supports -fno-rtti -fno-exceptions
configure:8993: cc -c -g  -fno-rtti -fno-exceptions conftest.c >&5
cc1: warning: command line option '-fno-rtti' is valid for C++/ObjC++ but not for C [enabled by default]
configure:8997: $? = 0
configure:9010: result: no
configure:9320: checking for cc option to produce PIC
configure:9327: result: -fPIC -DPIC
configure:9335: checking if cc PIC flag -fPIC -DPIC works
configure:9353: cc -c -g  -fPIC -DPIC -DPIC conftest.c >&5
configure:9357: $? = 0
configure:9370: result: yes
configure:9399: checking if cc static flag -static works
configure:9427: result: yes
configure:9442: checking if cc supports -c -o file.o
configure:9463: cc -c -g  -o out/conftest2.o conftest.c >&5
configure:9467: $? = 0
configure:9489: result: yes
configure:9497: checking if cc supports -c -o file.o
configure:9544: result: yes
configure:9577: checking whether the cc linker (/usr/bin/ld -m elf_x86_64) supports shared libraries
configure:10739: result: yes
configure:10776: checking whether -lc should be explicitly linked in
configure:10784: cc -c -g  conftest.c >&5
configure:10787: $? = 0
configure:10802: cc -shared  -fPIC -DPIC conftest.o  -v -Wl,-soname -Wl,conftest -o conftest 2\>\&1 \| /usr/bin/grep  -lc  \>/dev/null 2\>\&1
configure:10805: $? = 0
configure:10819: result: no
configure:10984: checking dynamic linker characteristics
configure:11499: cc -o conftest -g   -Wl,-rpath -Wl,/foo conftest.c  >&5
configure:11499: $? = 0
configure:11733: result: GNU/Linux ld.so
configure:11840: checking how to hardcode library paths into programs
configure:11865: result: immediate
configure:12405: checking whether stripping libraries is possible
configure:12410: result: yes
configure:12445: checking if libtool supports shared libraries
configure:12447: result: yes
configure:12450: checking whether to build shared libraries
configure:12471: result: yes
configure:12474: checking whether to build static libraries
configure:12478: result: yes
configure:12501: checking how to run the C++ preprocessor
configure:12528: g++ -E  conftest.cpp
configure:12528: $? = 0
configure:12542: g++ -E  conftest.cpp
conftest.cpp:23:28: fatal error: ac_nonexistent.h: No such file or directory
 #include <ac_nonexistent.h>
                            ^
compilation terminated.
configure:12542: $? = 1
configure: failed program was:
| /* confdefs.h */
| #define PACKAGE_NAME "corsika"
| #define PACKAGE_TARNAME "corsika"
| #define PACKAGE_VERSION "74005"
| #define PACKAGE_STRING "corsika 74005"
| #define PACKAGE_BUGREPORT ""
| #define PACKAGE_URL ""
| #define PACKAGE "corsika"
| #define VERSION "74005"
| #define STDC_HEADERS 1
| #define HAVE_SYS_TYPES_H 1
| #define HAVE_SYS_STAT_H 1
| #define HAVE_STDLIB_H 1
| #define HAVE_STRING_H 1
| #define HAVE_MEMORY_H 1
| #define HAVE_STRINGS_H 1
| #define HAVE_INTTYPES_H 1
| #define HAVE_STDINT_H 1
| #define HAVE_UNISTD_H 1
| #define HAVE_DLFCN_H 1
| #define LT_OBJDIR ".libs/"
| /* end confdefs.h.  */
| #include <ac_nonexistent.h>
configure:12567: result: g++ -E
configure:12587: g++ -E  conftest.cpp
configure:12587: $? = 0
configure:12601: g++ -E  conftest.cpp
conftest.cpp:23:28: fatal error: ac_nonexistent.h: No such file or directory
 #include <ac_nonexistent.h>
                            ^
compilation terminated.
configure:12601: $? = 1
configure: failed program was:
| /* confdefs.h */
| #define PACKAGE_NAME "corsika"
| #define PACKAGE_TARNAME "corsika"
| #define PACKAGE_VERSION "74005"
| #define PACKAGE_STRING "corsika 74005"
| #define PACKAGE_BUGREPORT ""
| #define PACKAGE_URL ""
| #define PACKAGE "corsika"
| #define VERSION "74005"
| #define STDC_HEADERS 1
| #define HAVE_SYS_TYPES_H 1
| #define HAVE_SYS_STAT_H 1
| #define HAVE_STDLIB_H 1
| #define HAVE_STRING_H 1
| #define HAVE_MEMORY_H 1
| #define HAVE_STRINGS_H 1
| #define HAVE_INTTYPES_H 1
| #define HAVE_STDINT_H 1
| #define HAVE_UNISTD_H 1
| #define HAVE_DLFCN_H 1
| #define LT_OBJDIR ".libs/"
| /* end confdefs.h.  */
| #include <ac_nonexistent.h>
configure:12771: checking for ld used by g++
configure:12838: result: /usr/bin/ld -m elf_x86_64
configure:12845: checking if the linker (/usr/bin/ld -m elf_x86_64) is GNU ld
configure:12860: result: yes
configure:12915: checking whether the g++ linker (/usr/bin/ld -m elf_x86_64) supports shared libraries
configure:13919: result: yes
configure:13954: g++ -c  -Wall  conftest.cpp >&5
configure:13957: $? = 0
configure:14477: checking for g++ option to produce PIC
configure:14484: result: -fPIC -DPIC
configure:14492: checking if g++ PIC flag -fPIC -DPIC works
configure:14510: g++ -c  -Wall  -fPIC -DPIC -DPIC conftest.cpp >&5
configure:14514: $? = 0
configure:14527: result: yes
configure:14550: checking if g++ static flag -static works
configure:14578: result: no
configure:14590: checking if g++ supports -c -o file.o
configure:14611: g++ -c  -Wall  -o out/conftest2.o conftest.cpp >&5
configure:14615: $? = 0
configure:14637: result: yes
configure:14642: checking if g++ supports -c -o file.o
configure:14689: result: yes
configure:14719: checking whether the g++ linker (/usr/bin/ld -m elf_x86_64) supports shared libraries
configure:14756: result: yes
configure:14899: checking dynamic linker characteristics
configure:15582: result: GNU/Linux ld.so
configure:15635: checking how to hardcode library paths into programs
configure:15660: result: immediate
configure:15809: checking if libtool supports shared libraries
configure:15811: result: yes
configure:15814: checking whether to build shared libraries
configure:15834: result: yes
configure:15837: checking whether to build static libraries
configure:15841: result: yes
configure:16145: checking for ifort option to produce PIC
configure:16152: result: -fPIC
configure:16160: checking if ifort PIC flag -fPIC works
configure:16178: ifort -c -g -fPIC conftest.f >&5
configure:16182: $? = 0
configure:16195: result: yes
configure:16218: checking if ifort static flag -static works
configure:16246: result: yes
configure:16258: checking if ifort supports -c -o file.o
configure:16279: ifort -c -g -o out/conftest2.o conftest.f >&5
configure:16283: $? = 0
configure:16305: result: yes
configure:16310: checking if ifort supports -c -o file.o
configure:16357: result: yes
configure:16387: checking whether the ifort linker (/usr/bin/ld -m elf_x86_64) supports shared libraries
configure:17499: result: yes
configure:17642: checking dynamic linker characteristics
configure:18319: result: GNU/Linux ld.so
configure:18372: checking how to hardcode library paths into programs
configure:18397: result: immediate
configure:18451: checking how to get verbose linking output from ifort
configure:18461: ifort -c -g conftest.f >&5
configure:18461: $? = 0
configure:18479: ifort -o conftest -g -v conftest.f
ifort version 17.0.2
/opt/intel/compilers_and_libraries_2017.2.174/linux/bin/intel64/fortcom    -D__INTEL_COMPILER=1700 -D__INTEL_COMPILER_UPDATE=2 -D__unix__ -D__unix -D__linux__ -D__linux -D__gnu_linux__ -Dunix -Dlinux -D__ELF__ -D__x86_64 -D__x86_64__ -D__amd64 -D__amd64__ -D__INTEL_COMPILER_BUILD_DATE=20170213 -D__INTEL_OFFLOAD -D__i686 -D__i686__ -D__pentiumpro -D__pentiumpro__ -D__pentium4 -D__pentium4__ -D__tune_pentium4__ -D__SSE2__ -D__SSE2_MATH__ -D__SSE__ -D__SSE_MATH__ -D__MMX__ -mGLOB_pack_sort_init_list -I. -I/opt/intel/compilers_and_libraries_2017.2.174/linux/ipp/include -I/opt/intel/compilers_and_libraries_2017.2.174/linux/mkl/include -I/opt/intel/compilers_and_libraries_2017.2.174/linux/tbb/include -I/opt/intel/compilers_and_libraries_2017.2.174/linux/daal/include -I/opt/intel/compilers_and_libraries_2017.2.174/linux/ipp/include -I/opt/intel/compilers_and_libraries_2017.2.174/linux/mkl/include -I/opt/intel/compilers_and_libraries_2017.2.174/linux/tbb/include -I/opt/intel/compilers_and_libraries_2017.2.174/linux/daal/include -I/opt/intel/compilers_and_libraries_2017.2.174/linux/compiler/include/intel64 -I/opt/intel/compilers_and_libraries_2017.2.174/linux/compiler/include/icc -I/opt/intel/compilers_and_libraries_2017.2.174/linux/compiler/include -I/usr/local/include -I/usr/lib/gcc/x86_64-redhat-linux/4.8.5/include -I/usr/include/ -I/usr/include "-fp_modbits honor_f32_conversion" "-fp_modbits honor_f64_conversion" -O0 -g2 "-reentrancy threaded" -simd -offload_host -mGLOB_em64t=TRUE -mP1OPT_version=17.0-intel64 -mGLOB_diag_file=/tmp/ifortWqzcZv.diag -mGLOB_long_size_64 -mGLOB_routine_pointer_size_64 -mGLOB_source_language=GLOB_SOURCE_LANGUAGE_F90 -mP2OPT_static_promotion -mP1OPT_print_version=FALSE -mCG_use_gas_got_workaround=F -mP2OPT_align_option_used=TRUE -mGLOB_gcc_version=485 "-mGLOB_options_string=-o conftest -g -v" -mGLOB_cxx_limited_range=FALSE -mCG_extend_parms=FALSE -mGLOB_compiler_bin_directory=/opt/intel/compilers_and_libraries_2017.2.174/linux/bin/intel64 -mP3OPT_emit_line_numbers -mP2OPT_suppress_unreferenced_locals=FALSE -mGLOB_debug_target=GLOB_DEBUG_TARGET_ALL -mDEBUG_info_level=2 -mDEBUG_use_indirect_strings=TRUE -mGLOB_debug_format=GLOB_DEBUG_FORMAT_DWARF40 -mGLOB_as_output_backup_file_name=/tmp/ifort3ltBIhas_.s -mGLOB_dashboard_use_source_name -mGLOB_instruction_tuning=0x0 -mGLOB_uarch_tuning=0x0 -mGLOB_product_id_code=0x22006d8f -mGLOB_maintain_errno -mGLOB_noinline_intrinsics -mGLOB_use_base_pointer=1 -mCG_bnl_movbe=T -mGLOB_extended_instructions=0x8 -mP3OPT_use_mspp_call_convention -mP2OPT_subs_out_of_bound=FALSE -mP2OPT_disam_type_based_disam=2 -mGLOB_ansi_alias -mIPOPT_ninl_limit=0 -mIPOPT_ninl_user_level=0 -mPGOPTI_value_profile_use=T -mGLOB_opt_report_use_source_name -mP2OPT_gen_linux_const_pooling=FALSE -mP2OPT_il0_array_sections=TRUE -mGLOB_offload_mode=1 -mP2OPT_offload_unique_var_string=ifort1345403015FkLHpm -mGLOB_opt_level=0 -mIPOPT_args_in_regs=0 -mP2OPT_disam_assume_nonstd_intent_in=FALSE -mGLOB_imf_mapping_library=/opt/intel/compilers_and_libraries_2017.2.174/linux/bin/intel64/libiml_attr.so -mIPOPT_single_file_compile_and_link=TRUE -mP2OPT_hlo_embed_loopinfo -mPGOPTI_gen_threadsafe_level=0 -mIPOPT_lto_object_enabled -mIPOPT_lto_object_value=1 -mIPOPT_obj_output_file_name=/tmp/ifortWqzcZv.o -mIPOPT_whole_archive_fixup_file_name=/tmp/ifortwarchw3u5s3 -mGLOB_linker_version=2.23.52.0.1 -mGLOB_driver_tempfile_name=/tmp/iforttempfileqMAvlr -mP3OPT_asm_target=P3OPT_ASM_TARGET_GAS -mGLOB_async_unwind_tables=TRUE -mGLOB_obj_output_file=/tmp/ifortWqzcZv.o -mGLOB_source_dialect=GLOB_SOURCE_DIALECT_FORTRAN -mP1OPT_source_file_name=conftest.f -mP1OPT_full_source_file_name=/misc/home/lulu/Work/Lollipop/Parameterisation/corsika-in-ice/corsika-74005-IC/conftest.f -mP2OPT_symtab_type_copy=true conftest.f
#include "..." search starts here:
#include <...> search starts here:
 .
 /opt/intel/compilers_and_libraries_2017.2.174/linux/ipp/include
 /opt/intel/compilers_and_libraries_2017.2.174/linux/mkl/include
 /opt/intel/compilers_and_libraries_2017.2.174/linux/tbb/include
 /opt/intel/compilers_and_libraries_2017.2.174/linux/daal/include
 /opt/intel/compilers_and_libraries_2017.2.174/linux/ipp/include
 /opt/intel/compilers_and_libraries_2017.2.174/linux/mkl/include
 /opt/intel/compilers_and_libraries_2017.2.174/linux/tbb/include
 /opt/intel/compilers_and_libraries_2017.2.174/linux/daal/include
 /opt/intel/compilers_and_libraries_2017.2.174/linux/compiler/include/intel64
 /opt/intel/compilers_and_libraries_2017.2.174/linux/compiler/include/icc
 /opt/intel/compilers_and_libraries_2017.2.174/linux/compiler/include
 /usr/local/include
 /usr/lib/gcc/x86_64-redhat-linux/4.8.5/include
 /usr/include/
 /usr/include
End of search list.
ld    /usr/lib/gcc/x86_64-redhat-linux/4.8.5/../../../../lib64/crt1.o /usr/lib/gcc/x86_64-redhat-linux/4.8.5/../../../../lib64/crti.o /usr/lib/gcc/x86_64-redhat-linux/4.8.5/crtbegin.o --eh-frame-hdr --build-id -dynamic-linker /lib64/ld-linux-x86-64.so.2 -m elf_x86_64 -o conftest /opt/intel/compilers_and_libraries_2017.2.174/linux/compiler/lib/intel64_lin/for_main.o -L/opt/intel/compilers_and_libraries_2017.2.174/linux/ipp/lib/intel64 -L/opt/intel/compilers_and_libraries_2017.2.174/linux/compiler/lib/intel64_lin -L/opt/intel/compilers_and_libraries_2017.2.174/linux/mkl/lib/intel64_lin -L/opt/intel/compilers_and_libraries_2017.2.174/linux/tbb/lib/intel64/gcc4.7 -L/opt/intel/compilers_and_libraries_2017.2.174/linux/daal/lib/intel64_lin -L/opt/intel/compilers_and_libraries_2017.2.174/linux/ipp/lib/intel64 -L/opt/intel/compilers_and_libraries_2017.2.174/linux/compiler/lib/intel64_lin -L/opt/intel/compilers_and_libraries_2017.2.174/linux/mkl/lib/intel64_lin -L/opt/intel/compilers_and_libraries_2017.2.174/linux/tbb/lib/intel64/gcc4.7 -L/opt/intel/compilers_and_libraries_2017.2.174/linux/daal/lib/intel64_lin -L/opt/intel/compilers_and_libraries_2017.2.174/linux/daal/../tbb/lib/intel64_lin/gcc4.4 -L/opt/intel/compilers_and_libraries_2017.2.174/linux/compiler/lib/intel64_lin -L/usr/lib/gcc/x86_64-redhat-linux/4.8.5/ -L/usr/lib/gcc/x86_64-redhat-linux/4.8.5/../../../../lib64 -L/usr/lib/gcc/x86_64-redhat-linux/4.8.5/../../../../lib64/ -L/lib/../lib64 -L/lib/../lib64/ -L/usr/lib/../lib64 -L/usr/lib/../lib64/ -L/opt/intel/compilers_and_libraries_2017.2.174/linux/ipp/lib/intel64/ -L/opt/intel/compilers_and_libraries_2017.2.174/linux/compiler/lib/intel64_lin/ -L/opt/intel/compilers_and_libraries_2017.2.174/linux/mkl/lib/intel64_lin/ -L/opt/intel/compilers_and_libraries_2017.2.174/linux/tbb/lib/intel64/gcc4.7/ -L/opt/intel/compilers_and_libraries_2017.2.174/linux/daal/lib/intel64_lin/ -L/opt/intel/compilers_and_libraries_2017.2.174/linux/daal/../tbb/lib/intel64_lin/gcc4.4/ -L/usr/lib/gcc/x86_64-redhat-linux/4.8.5/../../../ -L/lib64 -L/lib/ -L/usr/lib64 -L/usr/lib /tmp/ifortWqzcZv.o -Bdynamic -Bstatic -lifport -lifcoremt -limf -lsvml -Bdynamic -lm -Bstatic -lipgo -lirc -Bdynamic -lpthread -Bstatic -lsvml -Bdynamic -lc -lgcc -lgcc_s -Bstatic -lirc_s -Bdynamic -ldl -lc /usr/lib/gcc/x86_64-redhat-linux/4.8.5/crtend.o /usr/lib/gcc/x86_64-redhat-linux/4.8.5/../../../../lib64/crtn.o
configure:18562: result: -v
configure:18564: checking for Fortran 77 libraries of ifort
configure:18587: ifort -o conftest -g -v conftest.f
ifort version 17.0.2
/opt/intel/compilers_and_libraries_2017.2.174/linux/bin/intel64/fortcom    -D__INTEL_COMPILER=1700 -D__INTEL_COMPILER_UPDATE=2 -D__unix__ -D__unix -D__linux__ -D__linux -D__gnu_linux__ -Dunix -Dlinux -D__ELF__ -D__x86_64 -D__x86_64__ -D__amd64 -D__amd64__ -D__INTEL_COMPILER_BUILD_DATE=20170213 -D__INTEL_OFFLOAD -D__i686 -D__i686__ -D__pentiumpro -D__pentiumpro__ -D__pentium4 -D__pentium4__ -D__tune_pentium4__ -D__SSE2__ -D__SSE2_MATH__ -D__SSE__ -D__SSE_MATH__ -D__MMX__ -mGLOB_pack_sort_init_list -I. -I/opt/intel/compilers_and_libraries_2017.2.174/linux/ipp/include -I/opt/intel/compilers_and_libraries_2017.2.174/linux/mkl/include -I/opt/intel/compilers_and_libraries_2017.2.174/linux/tbb/include -I/opt/intel/compilers_and_libraries_2017.2.174/linux/daal/include -I/opt/intel/compilers_and_libraries_2017.2.174/linux/ipp/include -I/opt/intel/compilers_and_libraries_2017.2.174/linux/mkl/include -I/opt/intel/compilers_and_libraries_2017.2.174/linux/tbb/include -I/opt/intel/compilers_and_libraries_2017.2.174/linux/daal/include -I/opt/intel/compilers_and_libraries_2017.2.174/linux/compiler/include/intel64 -I/opt/intel/compilers_and_libraries_2017.2.174/linux/compiler/include/icc -I/opt/intel/compilers_and_libraries_2017.2.174/linux/compiler/include -I/usr/local/include -I/usr/lib/gcc/x86_64-redhat-linux/4.8.5/include -I/usr/include/ -I/usr/include "-fp_modbits honor_f32_conversion" "-fp_modbits honor_f64_conversion" -O0 -g2 "-reentrancy threaded" -simd -offload_host -mGLOB_em64t=TRUE -mP1OPT_version=17.0-intel64 -mGLOB_diag_file=/tmp/ifortDtcYuF.diag -mGLOB_long_size_64 -mGLOB_routine_pointer_size_64 -mGLOB_source_language=GLOB_SOURCE_LANGUAGE_F90 -mP2OPT_static_promotion -mP1OPT_print_version=FALSE -mCG_use_gas_got_workaround=F -mP2OPT_align_option_used=TRUE -mGLOB_gcc_version=485 "-mGLOB_options_string=-o conftest -g -v" -mGLOB_cxx_limited_range=FALSE -mCG_extend_parms=FALSE -mGLOB_compiler_bin_directory=/opt/intel/compilers_and_libraries_2017.2.174/linux/bin/intel64 -mP3OPT_emit_line_numbers -mP2OPT_suppress_unreferenced_locals=FALSE -mGLOB_debug_target=GLOB_DEBUG_TARGET_ALL -mDEBUG_info_level=2 -mDEBUG_use_indirect_strings=TRUE -mGLOB_debug_format=GLOB_DEBUG_FORMAT_DWARF40 -mGLOB_as_output_backup_file_name=/tmp/ifortUOwWHras_.s -mGLOB_dashboard_use_source_name -mGLOB_instruction_tuning=0x0 -mGLOB_uarch_tuning=0x0 -mGLOB_product_id_code=0x22006d8f -mGLOB_maintain_errno -mGLOB_noinline_intrinsics -mGLOB_use_base_pointer=1 -mCG_bnl_movbe=T -mGLOB_extended_instructions=0x8 -mP3OPT_use_mspp_call_convention -mP2OPT_subs_out_of_bound=FALSE -mP2OPT_disam_type_based_disam=2 -mGLOB_ansi_alias -mIPOPT_ninl_limit=0 -mIPOPT_ninl_user_level=0 -mPGOPTI_value_profile_use=T -mGLOB_opt_report_use_source_name -mP2OPT_gen_linux_const_pooling=FALSE -mP2OPT_il0_array_sections=TRUE -mGLOB_offload_mode=1 -mP2OPT_offload_unique_var_string=ifort0860306985ZBz8cv -mGLOB_opt_level=0 -mIPOPT_args_in_regs=0 -mP2OPT_disam_assume_nonstd_intent_in=FALSE -mGLOB_imf_mapping_library=/opt/intel/compilers_and_libraries_2017.2.174/linux/bin/intel64/libiml_attr.so -mIPOPT_single_file_compile_and_link=TRUE -mP2OPT_hlo_embed_loopinfo -mPGOPTI_gen_threadsafe_level=0 -mIPOPT_lto_object_enabled -mIPOPT_lto_object_value=1 -mIPOPT_obj_output_file_name=/tmp/ifortDtcYuF.o -mIPOPT_whole_archive_fixup_file_name=/tmp/ifortwarchqDjrVd -mGLOB_linker_version=2.23.52.0.1 -mGLOB_driver_tempfile_name=/tmp/iforttempfilexl8D2B -mP3OPT_asm_target=P3OPT_ASM_TARGET_GAS -mGLOB_async_unwind_tables=TRUE -mGLOB_obj_output_file=/tmp/ifortDtcYuF.o -mGLOB_source_dialect=GLOB_SOURCE_DIALECT_FORTRAN -mP1OPT_source_file_name=conftest.f -mP1OPT_full_source_file_name=/misc/home/lulu/Work/Lollipop/Parameterisation/corsika-in-ice/corsika-74005-IC/conftest.f -mP2OPT_symtab_type_copy=true conftest.f
#include "..." search starts here:
#include <...> search starts here:
 .
 /opt/intel/compilers_and_libraries_2017.2.174/linux/ipp/include
 /opt/intel/compilers_and_libraries_2017.2.174/linux/mkl/include
 /opt/intel/compilers_and_libraries_2017.2.174/linux/tbb/include
 /opt/intel/compilers_and_libraries_2017.2.174/linux/daal/include
 /opt/intel/compilers_and_libraries_2017.2.174/linux/ipp/include
 /opt/intel/compilers_and_libraries_2017.2.174/linux/mkl/include
 /opt/intel/compilers_and_libraries_2017.2.174/linux/tbb/include
 /opt/intel/compilers_and_libraries_2017.2.174/linux/daal/include
 /opt/intel/compilers_and_libraries_2017.2.174/linux/compiler/include/intel64
 /opt/intel/compilers_and_libraries_2017.2.174/linux/compiler/include/icc
 /opt/intel/compilers_and_libraries_2017.2.174/linux/compiler/include
 /usr/local/include
 /usr/lib/gcc/x86_64-redhat-linux/4.8.5/include
 /usr/include/
 /usr/include
End of search list.
ld    /usr/lib/gcc/x86_64-redhat-linux/4.8.5/../../../../lib64/crt1.o /usr/lib/gcc/x86_64-redhat-linux/4.8.5/../../../../lib64/crti.o /usr/lib/gcc/x86_64-redhat-linux/4.8.5/crtbegin.o --eh-frame-hdr --build-id -dynamic-linker /lib64/ld-linux-x86-64.so.2 -m elf_x86_64 -o conftest /opt/intel/compilers_and_libraries_2017.2.174/linux/compiler/lib/intel64_lin/for_main.o -L/opt/intel/compilers_and_libraries_2017.2.174/linux/ipp/lib/intel64 -L/opt/intel/compilers_and_libraries_2017.2.174/linux/compiler/lib/intel64_lin -L/opt/intel/compilers_and_libraries_2017.2.174/linux/mkl/lib/intel64_lin -L/opt/intel/compilers_and_libraries_2017.2.174/linux/tbb/lib/intel64/gcc4.7 -L/opt/intel/compilers_and_libraries_2017.2.174/linux/daal/lib/intel64_lin -L/opt/intel/compilers_and_libraries_2017.2.174/linux/ipp/lib/intel64 -L/opt/intel/compilers_and_libraries_2017.2.174/linux/compiler/lib/intel64_lin -L/opt/intel/compilers_and_libraries_2017.2.174/linux/mkl/lib/intel64_lin -L/opt/intel/compilers_and_libraries_2017.2.174/linux/tbb/lib/intel64/gcc4.7 -L/opt/intel/compilers_and_libraries_2017.2.174/linux/daal/lib/intel64_lin -L/opt/intel/compilers_and_libraries_2017.2.174/linux/daal/../tbb/lib/intel64_lin/gcc4.4 -L/opt/intel/compilers_and_libraries_2017.2.174/linux/compiler/lib/intel64_lin -L/usr/lib/gcc/x86_64-redhat-linux/4.8.5/ -L/usr/lib/gcc/x86_64-redhat-linux/4.8.5/../../../../lib64 -L/usr/lib/gcc/x86_64-redhat-linux/4.8.5/../../../../lib64/ -L/lib/../lib64 -L/lib/../lib64/ -L/usr/lib/../lib64 -L/usr/lib/../lib64/ -L/opt/intel/compilers_and_libraries_2017.2.174/linux/ipp/lib/intel64/ -L/opt/intel/compilers_and_libraries_2017.2.174/linux/compiler/lib/intel64_lin/ -L/opt/intel/compilers_and_libraries_2017.2.174/linux/mkl/lib/intel64_lin/ -L/opt/intel/compilers_and_libraries_2017.2.174/linux/tbb/lib/intel64/gcc4.7/ -L/opt/intel/compilers_and_libraries_2017.2.174/linux/daal/lib/intel64_lin/ -L/opt/intel/compilers_and_libraries_2017.2.174/linux/daal/../tbb/lib/intel64_lin/gcc4.4/ -L/usr/lib/gcc/x86_64-redhat-linux/4.8.5/../../../ -L/lib64 -L/lib/ -L/usr/lib64 -L/usr/lib /tmp/ifortDtcYuF.o -Bdynamic -Bstatic -lifport -lifcoremt -limf -lsvml -Bdynamic -lm -Bstatic -lipgo -lirc -Bdynamic -lpthread -Bstatic -lsvml -Bdynamic -lc -lgcc -lgcc_s -Bstatic -lirc_s -Bdynamic -ldl -lc /usr/lib/gcc/x86_64-redhat-linux/4.8.5/crtend.o /usr/lib/gcc/x86_64-redhat-linux/4.8.5/../../../../lib64/crtn.o
configure:18783: result:  -L/opt/intel/compilers_and_libraries_2017.2.174/linux/ipp/lib/intel64 -L/opt/intel/compilers_and_libraries_2017.2.174/linux/compiler/lib/intel64_lin -L/opt/intel/compilers_and_libraries_2017.2.174/linux/mkl/lib/intel64_lin -L/opt/intel/compilers_and_libraries_2017.2.174/linux/tbb/lib/intel64/gcc4.7 -L/opt/intel/compilers_and_libraries_2017.2.174/linux/daal/lib/intel64_lin -L/opt/intel/compilers_and_libraries_2017.2.174/linux/daal/../tbb/lib/intel64_lin/gcc4.4 -L/usr/lib/gcc/x86_64-redhat-linux/4.8.5/ -L/usr/lib/gcc/x86_64-redhat-linux/4.8.5/../../../../lib64 -L/usr/lib/gcc/x86_64-redhat-linux/4.8.5/../../../../lib64/ -L/lib/../lib64 -L/lib/../lib64/ -L/usr/lib/../lib64 -L/usr/lib/../lib64/ -L/opt/intel/compilers_and_libraries_2017.2.174/linux/ipp/lib/intel64/ -L/opt/intel/compilers_and_libraries_2017.2.174/linux/compiler/lib/intel64_lin/ -L/opt/intel/compilers_and_libraries_2017.2.174/linux/mkl/lib/intel64_lin/ -L/opt/intel/compilers_and_libraries_2017.2.174/linux/tbb/lib/intel64/gcc4.7/ -L/opt/intel/compilers_and_libraries_2017.2.174/linux/daal/lib/intel64_lin/ -L/opt/intel/compilers_and_libraries_2017.2.174/linux/daal/../tbb/lib/intel64_lin/gcc4.4/ -L/usr/lib/gcc/x86_64-redhat-linux/4.8.5/../../../ -L/lib64 -L/lib/ -L/usr/lib64 -L/usr/lib -lifport -lifcoremt -limf -lsvml -lm -lipgo -lirc -lpthread -lirc_s -ldl
configure:18917: checking to make dist
configure:18924: result: no
configure:19040: checking 32 bits compatibility
configure:19061: ifort -o conftest -g -assume byterecl -O0 -m32  -D_FILE_OFFSET_BITS=64 -Xlinker --no-as-needed conftest.f  >&5
ld: skipping incompatible /opt/intel/compilers_and_libraries_2017.2.174/linux/compiler/lib/intel64_lin/libifport.a when searching for -lifport
ld: skipping incompatible /opt/intel/compilers_and_libraries_2017.2.174/linux/compiler/lib/intel64_lin/libifport.a when searching for -lifport
ld: skipping incompatible /opt/intel/compilers_and_libraries_2017.2.174/linux/compiler/lib/intel64_lin/libifcoremt.a when searching for -lifcoremt
ld: skipping incompatible /opt/intel/compilers_and_libraries_2017.2.174/linux/compiler/lib/intel64_lin/libifcoremt.a when searching for -lifcoremt
ld: skipping incompatible /opt/intel/compilers_and_libraries_2017.2.174/linux/compiler/lib/intel64_lin/libimf.a when searching for -limf
ld: skipping incompatible /opt/intel/compilers_and_libraries_2017.2.174/linux/compiler/lib/intel64_lin/libimf.a when searching for -limf
ld: skipping incompatible /opt/intel/compilers_and_libraries_2017.2.174/linux/compiler/lib/intel64_lin/libsvml.a when searching for -lsvml
ld: skipping incompatible /opt/intel/compilers_and_libraries_2017.2.174/linux/compiler/lib/intel64_lin/libsvml.a when searching for -lsvml
ld: skipping incompatible /opt/intel/compilers_and_libraries_2017.2.174/linux/compiler/lib/intel64_lin/libipgo.a when searching for -lipgo
ld: skipping incompatible /opt/intel/compilers_and_libraries_2017.2.174/linux/compiler/lib/intel64_lin/libipgo.a when searching for -lipgo
ld: skipping incompatible /opt/intel/compilers_and_libraries_2017.2.174/linux/compiler/lib/intel64_lin/libirc.a when searching for -lirc
ld: skipping incompatible /opt/intel/compilers_and_libraries_2017.2.174/linux/compiler/lib/intel64_lin/libirc.a when searching for -lirc
ld: skipping incompatible /opt/intel/compilers_and_libraries_2017.2.174/linux/compiler/lib/intel64_lin/libsvml.a when searching for -lsvml
ld: skipping incompatible /opt/intel/compilers_and_libraries_2017.2.174/linux/compiler/lib/intel64_lin/libsvml.a when searching for -lsvml
ld: skipping incompatible /opt/intel/compilers_and_libraries_2017.2.174/linux/compiler/lib/intel64_lin/libirc_s.a when searching for -lirc_s
ld: skipping incompatible /opt/intel/compilers_and_libraries_2017.2.174/linux/compiler/lib/intel64_lin/libirc_s.a when searching for -lirc_s
configure:19061: $? = 0
configure:19064: result: yes
configure:19201: checking for stdint.h
configure:19201: result: yes
configure:19236: checking explicitly use the -m32 flag
configure:19243: result: no
configure:19330: checking explicitly use the -frecord-marker=4 flag
configure:19337: result: no
configure:19408: checking detector geometry
configure:19427: result: horizontal
configure:19476: checking time library
configure:19545: ifort -o conftest -g -assume byterecl -O0  -D_FILE_OFFSET_BITS=64 -Xlinker --no-as-needed conftest.f  >&5
conftest.f(5): error #5082: Syntax error, found END-OF-FILE when expecting one of: <LABEL> <END-OF-STATEMENT> ; TYPE INTEGER REAL COMPLEX BYTE CHARACTER CLASS DOUBLE ...

^
compilation aborted for conftest.f (code 1)
configure:19545: $? = 1
configure: failed program was:
| 
|                             CHARACTER*8      YYYYMMDD
|                             CHARACTER*10     HHMMSS
|                             CALL DATE_AND_TIME( YYYYMMDD, HHMMSS )
| 
configure:19575: cc -c -g -D_FILE_OFFSET_BITS=64  conftest.c >&5
configure:19575: $? = 0
configure:19580: result: rc
configure:19873: checking high energy model
configure:19951: result: qgsjet01
configure:20083: checking for fluka
configure:20105: result: no
configure:20180: checking low energy model
configure:20226: result: gheisha
configure:20302: checking for thinning
configure:20309: result: no
configure:20373: checking for Cherenkov grid detector
configure:20380: result: no
configure:20443: checking for bernlohr
configure:20465: result: no
configure:20500: checking for Cherenkov telescope detector
configure:20507: result: no
configure:20592: checking new Cherenkov counting
configure:20599: result: no
configure:20663: checking no cherenkov longitudinla profile
configure:20670: result: no
configure:20734: checking Cherenkov wavelength dependent
configure:20741: result: no
configure:20805: checking simulate telescope detector
configure:20812: result: no
configure:20876: checking for external IACT Cherenkov file
configure:20883: result: no
configure:20951: checking external atmosphere
configure:20958: result: no
configure:21048: checking neutrino primaries
configure:21055: result: no
configure:21119: checking plot shower
configure:21126: result: no
configure:21193: checking plot shower C
configure:21200: result: no
configure:21428: checking for cernlib
configure:21450: result: no
configure:21520: checking interaction test
configure:21527: result: no
configure:21602: checking slant profile
configure:21609: result: no
configure:21673: checking curved atmosphere
configure:21680: result: no
configure:21744: checking upward particles
configure:21751: result: no
configure:21815: checking viewcone
configure:21822: result: no
configure:21886: checking cerenkov longitudinal profile
configure:21893: result: no
configure:21957: checking photon preshower
configure:21964: result: no
configure:22066: checking MUPROD
configure:22073: result: no
configure:22137: checking compact output
configure:22144: result: no
configure:22208: checking annitest
configure:22215: result: no
configure:22279: checking LPM effect
configure:22286: result: no
configure:22350: checking stack input
configure:22357: result: yes
configure:22420: checking for pythia
configure:22442: result: /misc/home/lulu/Work/Lollipop/Parameterisation/corsika-in-ice/corsika-74005-IC/pythia
configure:22466: checking pythia charm production
configure:22473: result: yes
configure:22548: checking for herwig
configure:22570: result: no
configure:22598: checking herwig neutrino production (NUPRIM)
configure:22605: result: no
configure:22680: checking pythia charm production
configure:22687: result: yes
configure:22763: checking pythia tau lepton production
configure:22770: result: no
configure:22846: checking particle history
configure:22853: result: yes
configure:22917: checking trajectory
configure:22924: result: no
configure:22988: checking electrical field
configure:22995: result: no
configure:23096: checking for root
configure:23118: result: no
configure:23212: checking particle output in root file
configure:23219: result: no
configure:23301: checking machine independent output
configure:23308: result: no
configure:23380: checking for COASTUSERLIB
configure:23402: result: no
configure:23442: checking External COAST user library
configure:23449: result: no
configure:23545: checking CoREAS radio simulations
configure:23552: result: no
configure:23627: checking Inclined observation level
configure:23634: result: no
configure:23710: checking for conex
configure:23732: result: no
configure:23847: checking CONEX cascade equation (CONEX)
configure:23854: result: no
configure:23934: checking produce analysis histograms
configure:23941: result: no
configure:24013: checking augerinfo
configure:24020: result: no
configure:24084: checking augerhist
configure:24091: result: no
configure:24163: checking muonhist
configure:24170: result: no
configure:24243: checking parallel computation
configure:24250: result: no
configure:24315: checking for mpirunner_lib
configure:24337: result: no
configure:24549: checking parallel computation with MPI
configure:24556: result: no
configure:24629: checking do not compile binaries, just extract CORSIKA compilefile
configure:24636: result: no
configure:24700: checking to keep the CORSIKA compilefile
configure:24707: result: yes
configure:25100: checking that generated files are newer than configure
configure:25106: result: done
configure:25397: creating ./config.status

## ---------------------- ##
## Running config.status. ##
## ---------------------- ##

This file was extended by corsika config.status 74005, which was
generated by GNU Autoconf 2.69.  Invocation command line was

  CONFIG_FILES    = 
  CONFIG_HEADERS  = 
  CONFIG_LINKS    = 
  CONFIG_COMMANDS = 
  $ ./config.status 

on grappa

config.status:1439: creating Makefile
config.status:1439: creating bernlohr/Makefile
config.status:1439: creating conex/Makefile
config.status:1439: creating dpmjet/Makefile
config.status:1439: creating epos/Makefile
config.status:1439: creating pythia/Makefile
config.status:1439: creating herwig/Makefile
config.status:1439: creating nexus/Makefile
config.status:1439: creating urqmd/Makefile
config.status:1439: creating src/Makefile
config.status:1439: creating run/Makefile
config.status:1439: creating doc/Makefile
config.status:1439: creating lib/Makefile
config.status:1439: creating coast/Makefile
config.status:1439: creating coast/Documentation/Makefile
config.status:1439: creating coast/CorsikaOptions/rootout/Makefile
config.status:1439: creating coast/CorsikaOptions/CoREAS/Makefile
config.status:1439: creating coast/CorsikaOptions/Makefile
config.status:1439: creating coast/CorsikaOptions/InclinedPlane/Makefile
config.status:1439: creating coast/CorsikaFileIO/Makefile
config.status:1439: creating coast/CorsikaInterface/Makefile
config.status:1439: creating coast/CorsikaToROOT/Makefile
config.status:1439: creating coast/CorsikaROOT/Makefile
config.status:1439: creating coast/CorsikaIntern/Makefile
config.status:1439: creating include/config.h
config.status:1668: executing depfiles commands
config.status:1668: executing libtool commands

## ---------------- ##
## Cache variables. ##
## ---------------- ##

ac_cv_build=x86_64-unknown-linux-gnu
ac_cv_c_compiler_gnu=yes
ac_cv_cxx_compiler_gnu=yes
ac_cv_env_CCC_set=
ac_cv_env_CCC_value=
ac_cv_env_CC_set=
ac_cv_env_CC_value=
ac_cv_env_CFLAGS_set=
ac_cv_env_CFLAGS_value=
ac_cv_env_CORDETECTOR_set=set
ac_cv_env_CORDETECTOR_value=HORIZONTAL
ac_cv_env_CORHEMODEL_set=set
ac_cv_env_CORHEMODEL_value=QGSJET01
ac_cv_env_CORLEMODEL_set=set
ac_cv_env_CORLEMODEL_value=GHEISHA
ac_cv_env_CORTIMELIB_set=set
ac_cv_env_CORTIMELIB_value=TIMEAUTO
ac_cv_env_CPPFLAGS_set=
ac_cv_env_CPPFLAGS_value=
ac_cv_env_CPP_set=
ac_cv_env_CPP_value=
ac_cv_env_CXXCPP_set=
ac_cv_env_CXXCPP_value=
ac_cv_env_CXXFLAGS_set=
ac_cv_env_CXXFLAGS_value=
ac_cv_env_CXX_set=
ac_cv_env_CXX_value=
ac_cv_env_F77_set=
ac_cv_env_F77_value=
ac_cv_env_FFLAGS_set=
ac_cv_env_FFLAGS_value=
ac_cv_env_LDFLAGS_set=
ac_cv_env_LDFLAGS_value=
ac_cv_env_LIBS_set=
ac_cv_env_LIBS_value=
ac_cv_env_MPICC_set=
ac_cv_env_MPICC_value=
ac_cv_env_build_alias_set=
ac_cv_env_build_alias_value=
ac_cv_env_host_alias_set=
ac_cv_env_host_alias_value=
ac_cv_env_target_alias_set=
ac_cv_env_target_alias_value=
ac_cv_f77_compiler_gnu=no
ac_cv_f77_libs=' -L/opt/intel/compilers_and_libraries_2017.2.174/linux/ipp/lib/intel64 -L/opt/intel/compilers_and_libraries_2017.2.174/linux/compiler/lib/intel64_lin -L/opt/intel/compilers_and_libraries_2017.2.174/linux/mkl/lib/intel64_lin -L/opt/intel/compilers_and_libraries_2017.2.174/linux/tbb/lib/intel64/gcc4.7 -L/opt/intel/compilers_and_libraries_2017.2.174/linux/daal/lib/intel64_lin -L/opt/intel/compilers_and_libraries_2017.2.174/linux/daal/../tbb/lib/intel64_lin/gcc4.4 -L/usr/lib/gcc/x86_64-redhat-linux/4.8.5/ -L/usr/lib/gcc/x86_64-redhat-linux/4.8.5/../../../../lib64 -L/usr/lib/gcc/x86_64-redhat-linux/4.8.5/../../../../lib64/ -L/lib/../lib64 -L/lib/../lib64/ -L/usr/lib/../lib64 -L/usr/lib/../lib64/ -L/opt/intel/compilers_and_libraries_2017.2.174/linux/ipp/lib/intel64/ -L/opt/intel/compilers_and_libraries_2017.2.174/linux/compiler/lib/intel64_lin/ -L/opt/intel/compilers_and_libraries_2017.2.174/linux/mkl/lib/intel64_lin/ -L/opt/intel/compilers_and_libraries_2017.2.174/linux/tbb/lib/intel64/gcc4.7/ -L/opt/intel/compilers_and_libraries_2017.2.174/linux/daal/lib/intel64_lin/ -L/opt/intel/compilers_and_libraries_2017.2.174/linux/daal/../tbb/lib/intel64_lin/gcc4.4/ -L/usr/lib/gcc/x86_64-redhat-linux/4.8.5/../../../ -L/lib64 -L/lib/ -L/usr/lib64 -L/usr/lib -lifport -lifcoremt -limf -lsvml -lm -lipgo -lirc -lpthread -lirc_s -ldl'
ac_cv_header_dlfcn_h=yes
ac_cv_header_inttypes_h=yes
ac_cv_header_memory_h=yes
ac_cv_header_stdc=yes
ac_cv_header_stdint_h=yes
ac_cv_header_stdlib_h=yes
ac_cv_header_string_h=yes
ac_cv_header_strings_h=yes
ac_cv_header_sys_stat_h=yes
ac_cv_header_sys_types_h=yes
ac_cv_header_unistd_h=yes
ac_cv_host=x86_64-unknown-linux-gnu
ac_cv_objext=o
ac_cv_path_EGREP='/usr/bin/grep -E'
ac_cv_path_FGREP='/usr/bin/grep -F'
ac_cv_path_GREP=/usr/bin/grep
ac_cv_path_SED=/usr/bin/sed
ac_cv_path_install='/usr/bin/install -c'
ac_cv_path_mkdir=/usr/bin/mkdir
ac_cv_prog_AWK=gawk
ac_cv_prog_CPP=cpp
ac_cv_prog_CXXCPP='g++ -E'
ac_cv_prog_ac_ct_AR=ar
ac_cv_prog_ac_ct_CC=cc
ac_cv_prog_ac_ct_CXX=g++
ac_cv_prog_ac_ct_F77=ifort
ac_cv_prog_ac_ct_MANIFEST_TOOL=mt
ac_cv_prog_ac_ct_OBJDUMP=objdump
ac_cv_prog_ac_ct_RANLIB=ranlib
ac_cv_prog_ac_ct_STRIP=strip
ac_cv_prog_cc_c89=
ac_cv_prog_cc_g=yes
ac_cv_prog_cxx_g=yes
ac_cv_prog_f77_g=yes
ac_cv_prog_f77_v=-v
ac_cv_prog_make_make_set=yes
am_cv_CC_dependencies_compiler_type=gcc3
am_cv_CXX_dependencies_compiler_type=gcc3
am_cv_make_support_nested_variables=yes
am_cv_prog_cc_c_o=yes
corsika_cv_enable_ANAHIST=no
corsika_cv_enable_ANNITEST=no
corsika_cv_enable_ATMEXT=no
corsika_cv_enable_AUGCERLONG=no
corsika_cv_enable_AUGERHIST=no
corsika_cv_enable_AUGERINFO=no
corsika_cv_enable_CEFFIC=no
corsika_cv_enable_CERENKOV=no
corsika_cv_enable_CERWLEN=no
corsika_cv_enable_CHARM=yes
corsika_cv_enable_COASTUSERLIB=no
corsika_cv_enable_COMPACT=no
corsika_cv_enable_CONEX=no
corsika_cv_enable_COREAS=no
corsika_cv_enable_CURVED=no
corsika_cv_enable_DIST=no
corsika_cv_enable_EFIELD=no
corsika_cv_enable_EHISTORY=yes
corsika_cv_enable_HERWIG=no
corsika_cv_enable_IACT=no
corsika_cv_enable_IACTEXT=no
corsika_cv_enable_INCLINED=no
corsika_cv_enable_INTCLONG=no
corsika_cv_enable_INTTEST=no
corsika_cv_enable_KEEPSOURCE=yes
corsika_cv_enable_LPM=no
corsika_cv_enable_M32=no
corsika_cv_enable_MACHINEINDEPENDENT=no
corsika_cv_enable_MUONHIST=no
corsika_cv_enable_MUPROD=no
corsika_cv_enable_NEUTRINO=no
corsika_cv_enable_NOCLONG=no
corsika_cv_enable_NOCOMPILE=no
corsika_cv_enable_OUT32=no
corsika_cv_enable_PARALLEL=no
corsika_cv_enable_PARALLELIB=no
corsika_cv_enable_PLOTSH2=no
corsika_cv_enable_PLOTSH=no
corsika_cv_enable_PRESHOWER=no
corsika_cv_enable_ROOTOUT=no
corsika_cv_enable_SLANT=no
corsika_cv_enable_STACKIN=yes
corsika_cv_enable_TAULEP=no
corsika_cv_enable_THIN=no
corsika_cv_enable_TRAJECT=no
corsika_cv_enable_UPWARD=no
corsika_cv_enable_VIEWCONE=no
corsika_cv_root_COASTUSERLIB=no
corsika_cv_root_bernlohr=no
corsika_cv_root_cernlib=no
corsika_cv_root_conex=no
corsika_cv_root_fluka=no
corsika_cv_root_herwig=no
corsika_cv_root_mpirunner_lib=no
corsika_cv_root_pythia=/misc/home/lulu/Work/Lollipop/Parameterisation/corsika-in-ice/corsika-74005-IC/pythia
corsika_cv_root_root=no
lt_cv_ar_at_file=@
lt_cv_archive_cmds_need_lc=no
lt_cv_deplibs_check_method=pass_all
lt_cv_file_magic_cmd='$MAGIC_CMD'
lt_cv_file_magic_test_file=
lt_cv_ld_reload_flag=-r
lt_cv_nm_interface='BSD nm'
lt_cv_objdir=.libs
lt_cv_path_LD=/usr/bin/ld
lt_cv_path_LDCXX='/usr/bin/ld -m elf_x86_64'
lt_cv_path_NM='/usr/bin/nm -B'
lt_cv_path_mainfest_tool=no
lt_cv_prog_compiler_c_o=yes
lt_cv_prog_compiler_c_o_CXX=yes
lt_cv_prog_compiler_c_o_F77=yes
lt_cv_prog_compiler_pic='-fPIC -DPIC'
lt_cv_prog_compiler_pic_CXX='-fPIC -DPIC'
lt_cv_prog_compiler_pic_F77=-fPIC
lt_cv_prog_compiler_pic_works=yes
lt_cv_prog_compiler_pic_works_CXX=yes
lt_cv_prog_compiler_pic_works_F77=yes
lt_cv_prog_compiler_rtti_exceptions=no
lt_cv_prog_compiler_static_works=yes
lt_cv_prog_compiler_static_works_CXX=no
lt_cv_prog_compiler_static_works_F77=yes
lt_cv_prog_gnu_ld=yes
lt_cv_prog_gnu_ldcxx=yes
lt_cv_sharedlib_from_linklib_cmd='printf %s\n'
lt_cv_shlibpath_overrides_runpath=no
lt_cv_sys_global_symbol_pipe='sed -n -e '\''s/^.*[	 ]\([ABCDGIRSTW][ABCDGIRSTW]*\)[	 ][	 ]*\([_A-Za-z][_A-Za-z0-9]*\)$/\1 \2 \2/p'\'' | sed '\''/ __gnu_lto/d'\'''
lt_cv_sys_global_symbol_to_c_name_address='sed -n -e '\''s/^: \([^ ]*\)[ ]*$/  {\"\1\", (void *) 0},/p'\'' -e '\''s/^[ABCDGIRSTW]* \([^ ]*\) \([^ ]*\)$/  {"\2", (void *) \&\2},/p'\'''
lt_cv_sys_global_symbol_to_c_name_address_lib_prefix='sed -n -e '\''s/^: \([^ ]*\)[ ]*$/  {\"\1\", (void *) 0},/p'\'' -e '\''s/^[ABCDGIRSTW]* \([^ ]*\) \(lib[^ ]*\)$/  {"\2", (void *) \&\2},/p'\'' -e '\''s/^[ABCDGIRSTW]* \([^ ]*\) \([^ ]*\)$/  {"lib\2", (void *) \&\2},/p'\'''
lt_cv_sys_global_symbol_to_cdecl='sed -n -e '\''s/^T .* \(.*\)$/extern int \1();/p'\'' -e '\''s/^[ABCDGIRSTW]* .* \(.*\)$/extern char \1;/p'\'''
lt_cv_sys_max_cmd_len=3458764513820540925
lt_cv_to_host_file_cmd=func_convert_file_noop
lt_cv_to_tool_file_cmd=func_convert_file_noop

## ----------------- ##
## Output variables. ##
## ----------------- ##

ACLOCAL='aclocal-1.14'
AMDEPBACKSLASH='\'
AMDEP_FALSE='#'
AMDEP_TRUE=''
AMTAR='$${TAR-tar}'
AM_BACKSLASH='\'
AM_DEFAULT_V='$(AM_DEFAULT_VERBOSITY)'
AM_DEFAULT_VERBOSITY='1'
AM_V='$(V)'
AR='xiar'
AUTOCONF='autoconf'
AUTOHEADER='autoheader'
AUTOMAKE='automake-1.14'
AWK='gawk'
BERNIACTEXT_CPPFLAGS=''
BERNLIBS=''
BERNNOATMEXT_CPPFLAGS='-DNO_EXTERNAL_ATMOSPHERES'
BERN_CFLAGS=''
BERN_CPPFLAGS=''
CAT_CMD='cat -s'
CC='cc'
CCDEPMODE='depmode=gcc3'
CFLAGS='-g -D_FILE_OFFSET_BITS=64'
COAST_DIR='coast'
COAST_INTERNAL_FALSE='#'
COAST_INTERNAL_TRUE=''
COAST_LIBS=''
COAST_USER_LIB=''
CONEX_CPPFLAGS=''
CONEX_DIR=''
CONEX_FFLAGS=''
CONEX_LIB=''
CONEX_PARAM=''
CORDETECTOR='HORIZONTAL'
CORHEMODEL='QGSJET01'
CORLEMODEL='GHEISHA'
CORSIKA_FFLAGS='-O0 -I$(top_srcdir)/pythia -I$(top_srcdir)/pythia'
CORSIKA_LIBS='-L/misc/home/lulu/Work/Lollipop/Parameterisation/corsika-in-ice/corsika-74005-IC/lib/unknown -lpythia -lpythia '
CORSIKA_LIB_DIR='/misc/home/lulu/Work/Lollipop/Parameterisation/corsika-in-ice/corsika-74005-IC/lib/unknown'
CORSIKA_NAME='corsika74005Linux_QGSJET_gheisha'
CORSIKA_SUBDIRS='pythia pythia src .'
CORTIMELIB='TIMEAUTO'
CPP='cpp'
CPPFLAGS=''
CXCOMP_FILE=''
CXX='g++'
CXXCPP='g++ -E'
CXXDEPMODE='depmode=gcc3'
CXXFLAGS=' -Wall -D_FILE_OFFSET_BITS=64 -Wl,--no-as-needed'
CYGPATH_W='echo'
DEFS='-DHAVE_CONFIG_H'
DEPDIR='.deps'
DLLTOOL='false'
DPM_FFLAGS=''
DSYMUTIL=''
DUMPBIN=''
ECHO_C=''
ECHO_N='-n'
ECHO_T=''
EFIELD_CFLAGS=''
EGREP='/usr/bin/grep -E'
EPOS_FFLAGS=''
EXEEXT=''
F77='ifort'
FFLAGS='-g -assume byterecl -O0'
FGREP='/usr/bin/grep -F'
FLIBS=' -L/opt/intel/compilers_and_libraries_2017.2.174/linux/ipp/lib/intel64 -L/opt/intel/compilers_and_libraries_2017.2.174/linux/compiler/lib/intel64_lin -L/opt/intel/compilers_and_libraries_2017.2.174/linux/mkl/lib/intel64_lin -L/opt/intel/compilers_and_libraries_2017.2.174/linux/tbb/lib/intel64/gcc4.7 -L/opt/intel/compilers_and_libraries_2017.2.174/linux/daal/lib/intel64_lin -L/opt/intel/compilers_and_libraries_2017.2.174/linux/daal/../tbb/lib/intel64_lin/gcc4.4 -L/usr/lib/gcc/x86_64-redhat-linux/4.8.5/ -L/usr/lib/gcc/x86_64-redhat-linux/4.8.5/../../../../lib64 -L/usr/lib/gcc/x86_64-redhat-linux/4.8.5/../../../../lib64/ -L/lib/../lib64 -L/lib/../lib64/ -L/usr/lib/../lib64 -L/usr/lib/../lib64/ -L/opt/intel/compilers_and_libraries_2017.2.174/linux/ipp/lib/intel64/ -L/opt/intel/compilers_and_libraries_2017.2.174/linux/compiler/lib/intel64_lin/ -L/opt/intel/compilers_and_libraries_2017.2.174/linux/mkl/lib/intel64_lin/ -L/opt/intel/compilers_and_libraries_2017.2.174/linux/tbb/lib/intel64/gcc4.7/ -L/opt/intel/compilers_and_libraries_2017.2.174/linux/daal/lib/intel64_lin/ -L/opt/intel/compilers_and_libraries_2017.2.174/linux/daal/../tbb/lib/intel64_lin/gcc4.4/ -L/usr/lib/gcc/x86_64-redhat-linux/4.8.5/../../../ -L/lib64 -L/lib/ -L/usr/lib64 -L/usr/lib -lifport -lifcoremt -limf -lsvml -lm -lipgo -lirc -lpthread -lirc_s -ldl'
FLUKA_FFLAGS=''
FLUKA_LIBS=''
FLUPRO=''
GREP='/usr/bin/grep'
HAVE_BOOST_PROGRAM_OPTIONS_FALSE=''
HAVE_BOOST_PROGRAM_OPTIONS_TRUE='#'
HAVE_DOXYGEN_FALSE=''
HAVE_DOXYGEN_TRUE='#'
HAVE_ROOT_FALSE=''
HAVE_ROOT_TRUE='#'
HERWIG_DIR=''
HIMODEL='_QGSJET'
INSTALL_DATA='${INSTALL} -m 644'
INSTALL_PROGRAM='${INSTALL}'
INSTALL_SCRIPT='${INSTALL}'
INSTALL_STRIP_PROGRAM='$(install_sh) -c -s'
LD='/usr/bin/ld -m elf_x86_64'
LDFLAGS=' -D_FILE_OFFSET_BITS=64 -Xlinker --no-as-needed'
LIBOBJS=''
LIBS=''
LIBTOOL='$(SHELL) $(top_builddir)/libtool'
LIPO=''
LN_S='ln -s'
LTLIBOBJS=''
MAINT='#'
MAINTAINER_MODE_FALSE=''
MAINTAINER_MODE_TRUE='#'
MAKEINFO='makeinfo'
MANIFEST_TOOL=':'
MAP2PNG=''
MKDIR_P='/usr/bin/mkdir -p'
MODEL_LIBS=''
MPICC=''
MPILIBS=''
MPIRUNNER_LIBS=''
NEXUS_FFLAGS=''
NM='/usr/bin/nm -B'
NMEDIT=''
OBJDUMP='objdump'
OBJEXT='o'
OTOOL64=''
OTOOL=''
PACKAGE='corsika'
PACKAGE_BUGREPORT=''
PACKAGE_NAME='corsika'
PACKAGE_STRING='corsika 74005'
PACKAGE_TARNAME='corsika'
PACKAGE_URL=''
PACKAGE_VERSION='74005'
PATH_SEPARATOR=':'
PLOTTRACKS='plottracks'
PRECOMPILER_FLAGS='-DHAVE_CONFIG_H -I$(top_srcdir)/include -traditional-cpp'
PRESHOWER_CFLAGS=''
PYTHIA_DIR='/misc/home/lulu/Work/Lollipop/Parameterisation/corsika-in-ice/corsika-74005-IC/pythia'
PYTHIA_FFLAGS=''
PYTHIA_LIB='-lpythia'
RANLIB='ranlib'
ROOTCINT=''
ROOTSYS='/cvmfs/icecube.opensciencegrid.org/py2-v3/RHEL_7_x86_64'
ROOT_CXXFLAGS=''
ROOT_GLIBS=''
ROOT_LIBDIR=''
ROOT_LIBS=''
SED='/usr/bin/sed'
SET_MAKE=''
SHELL='/bin/sh'
STRIP='strip'
URQMD_FFLAGS='-O3 -Wall -Wsurprising'
USE_ANAHIST_FALSE=''
USE_ANAHIST_TRUE='#'
USE_ANNITEST_FALSE=''
USE_ANNITEST_TRUE='#'
USE_ATMEXT_FALSE=''
USE_ATMEXT_TRUE='#'
USE_AUGCERLONG_FALSE=''
USE_AUGCERLONG_TRUE='#'
USE_AUGERHIST_FALSE=''
USE_AUGERHIST_TRUE='#'
USE_AUGERINFO_FALSE=''
USE_AUGERINFO_TRUE='#'
USE_CEFFIC_FALSE=''
USE_CEFFIC_TRUE='#'
USE_CERENKOV_FALSE=''
USE_CERENKOV_TRUE='#'
USE_CERWLEN_FALSE=''
USE_CERWLEN_TRUE='#'
USE_CHARM_FALSE='#'
USE_CHARM_TRUE=''
USE_COASTUSERLIB_FALSE=''
USE_COASTUSERLIB_TRUE='#'
USE_COMPACT_FALSE=''
USE_COMPACT_TRUE='#'
USE_CONEX_FALSE=''
USE_CONEX_TRUE='#'
USE_COREAS_FALSE=''
USE_COREAS_TRUE='#'
USE_CURVED_FALSE=''
USE_CURVED_TRUE='#'
USE_DIST_FALSE=''
USE_DIST_TRUE='#'
USE_DPMJET_FALSE=''
USE_DPMJET_TRUE='#'
USE_EFIELD_FALSE=''
USE_EFIELD_TRUE='#'
USE_EHISTORY_FALSE='#'
USE_EHISTORY_TRUE=''
USE_EPOS_FALSE=''
USE_EPOS_TRUE='#'
USE_FLUKA_FALSE=''
USE_FLUKA_TRUE='#'
USE_GHEISHA_FALSE='#'
USE_GHEISHA_TRUE=''
USE_HERWIG_FALSE=''
USE_HERWIG_TRUE='#'
USE_IACTEXT_FALSE=''
USE_IACTEXT_TRUE='#'
USE_IACT_FALSE=''
USE_IACT_TRUE='#'
USE_INCLINED_FALSE=''
USE_INCLINED_TRUE='#'
USE_INTCLONG_FALSE=''
USE_INTCLONG_TRUE='#'
USE_INTTEST_FALSE=''
USE_INTTEST_TRUE='#'
USE_KEEPSOURCE_FALSE='#'
USE_KEEPSOURCE_TRUE=''
USE_LPM_FALSE=''
USE_LPM_TRUE='#'
USE_M32_FALSE=''
USE_M32_TRUE='#'
USE_MACHINEINDEPENDENT_FALSE=''
USE_MACHINEINDEPENDENT_TRUE='#'
USE_MUONHIST_FALSE=''
USE_MUONHIST_TRUE='#'
USE_MUPROD_FALSE=''
USE_MUPROD_TRUE='#'
USE_NEUTRINO_FALSE=''
USE_NEUTRINO_TRUE='#'
USE_NEXUS_FALSE=''
USE_NEXUS_TRUE='#'
USE_NOCLONG_FALSE=''
USE_NOCLONG_TRUE='#'
USE_NOCOMPILE_FALSE=''
USE_NOCOMPILE_TRUE='#'
USE_OUT32_FALSE=''
USE_OUT32_TRUE='#'
USE_PARALLELIB_FALSE=''
USE_PARALLELIB_TRUE='#'
USE_PARALLEL_FALSE=''
USE_PARALLEL_TRUE='#'
USE_PLOTSH2_FALSE=''
USE_PLOTSH2_TRUE='#'
USE_PLOTSH_FALSE=''
USE_PLOTSH_TRUE='#'
USE_PRESHOWER_FALSE=''
USE_PRESHOWER_TRUE='#'
USE_QGSJET01_FALSE='#'
USE_QGSJET01_TRUE=''
USE_QGSJETII_FALSE=''
USE_QGSJETII_TRUE='#'
USE_ROOTOUT_FALSE=''
USE_ROOTOUT_TRUE='#'
USE_SIBYLL_FALSE=''
USE_SIBYLL_TRUE='#'
USE_SLANT_FALSE=''
USE_SLANT_TRUE='#'
USE_STACKIN_FALSE='#'
USE_STACKIN_TRUE=''
USE_TAULEP_FALSE=''
USE_TAULEP_TRUE='#'
USE_THIN_FALSE=''
USE_THIN_TRUE='#'
USE_TIMERC_FALSE='#'
USE_TIMERC_TRUE=''
USE_TRAJECT_FALSE=''
USE_TRAJECT_TRUE='#'
USE_TRAPFE_FALSE=''
USE_TRAPFE_TRUE='#'
USE_UPWARD_FALSE=''
USE_UPWARD_TRUE='#'
USE_URQMD_FALSE=''
USE_URQMD_TRUE='#'
USE_VENUS_FALSE=''
USE_VENUS_TRUE='#'
USE_VIEWCONE_FALSE=''
USE_VIEWCONE_TRUE='#'
VERSION='74005'
ac_ct_AR='ar'
ac_ct_CC='cc'
ac_ct_CXX='g++'
ac_ct_DUMPBIN=''
ac_ct_F77='ifort'
ac_prefix_program=''
am__EXEEXT_FALSE=''
am__EXEEXT_TRUE='#'
am__fastdepCC_FALSE='#'
am__fastdepCC_TRUE=''
am__fastdepCXX_FALSE='#'
am__fastdepCXX_TRUE=''
am__include='include'
am__isrc=''
am__leading_dot='.'
am__nodep='_no'
am__quote=''
am__tar='$${TAR-tar} chof - "$$tardir"'
am__untar='$${TAR-tar} xf -'
bindir='/misc/home/lulu/Work/Lollipop/Parameterisation/corsika-in-ice/corsika-74005-IC/run'
build='x86_64-unknown-linux-gnu'
build_alias=''
build_cpu='x86_64'
build_os='linux-gnu'
build_vendor='unknown'
datadir='${datarootdir}'
datarootdir='${prefix}/share'
docdir='${datarootdir}/doc/${PACKAGE_TARNAME}'
dvidir='${docdir}'
exec_prefix='${prefix}'
host='x86_64-unknown-linux-gnu'
host_alias=''
host_cpu='x86_64'
host_os='linux-gnu'
host_vendor='unknown'
htmldir='${docdir}'
includedir='${prefix}/include'
infodir='${datarootdir}/info'
install_sh='${SHELL} /misc/home/lulu/Work/Lollipop/Parameterisation/corsika-in-ice/corsika-74005-IC/config/install-sh'
libdir='/misc/home/lulu/Work/Lollipop/Parameterisation/corsika-in-ice/corsika-74005-IC/lib/unknown'
libexecdir='${exec_prefix}/libexec'
localedir='${datarootdir}/locale'
localstatedir='${prefix}/var'
mandir='${datarootdir}/man'
mkdir_p='$(MKDIR_P)'
oldincludedir='/usr/include'
pdfdir='${docdir}'
prefix='/misc/home/lulu/Work/Lollipop/Parameterisation/corsika-in-ice/corsika-74005-IC'
program_transform_name='s,x,x,'
psdir='${docdir}'
sbindir='${exec_prefix}/sbin'
sharedstatedir='${prefix}/com'
sysconfdir='${prefix}/etc'
target_alias=''

## ----------- ##
## confdefs.h. ##
## ----------- ##

/* confdefs.h */
#define PACKAGE_NAME "corsika"
#define PACKAGE_TARNAME "corsika"
#define PACKAGE_VERSION "74005"
#define PACKAGE_STRING "corsika 74005"
#define PACKAGE_BUGREPORT ""
#define PACKAGE_URL ""
#define PACKAGE "corsika"
#define VERSION "74005"
#define STDC_HEADERS 1
#define HAVE_SYS_TYPES_H 1
#define HAVE_SYS_STAT_H 1
#define HAVE_STDLIB_H 1
#define HAVE_STRING_H 1
#define HAVE_MEMORY_H 1
#define HAVE_STRINGS_H 1
#define HAVE_INTTYPES_H 1
#define HAVE_STDINT_H 1
#define HAVE_UNISTD_H 1
#define HAVE_DLFCN_H 1
#define LT_OBJDIR ".libs/"
#define __IFORT__ 1
#define __GFORTRAN__ 1
#define __UNIX__ 1
#define __BYTERECL__ 1
#define __CACHE_HORIZONTAL__ /**/
#define __CACHE_$CORTIMELIB__ /**/
#define __TIMERC__ 1
#define __QGSJETOLD__ 1
#define __QGSJET__ 1
#define __CACHE_QGSJET01__ /**/
#define __GHEISHAD__ 1
#define __CACHE_GHEISHA__ /**/
#define __CACHE_STACKIN__ /**/
#define __STACKIN__ 1
#define HAVE_PYTHIA 1
#define __CACHE_CHARM__ /**/
#define __CHARM__ 1
#define __CACHE_CHARM__ /**/
#define __CHARM__ 1
#define __CACHE_EHISTORY__ /**/
#define __EHISTORY__ 1
#define __CACHE_KEEPSOURCE__ /**/
#define __SAVEDCORS__ 1
#define __OFFIC__ 1

configure: exit 0
